# Sphinx version: 4.2.0
# Python version: 3.9.10 (CPython)
# Docutils version: 0.16 release
# Jinja2 version: 3.0.2
# Last messages:
#   myst v0.15.2: MdParserConfig(renderer='sphinx', commonmark_only=False, enable_extensions=['colon_fence', 'dollarmath', 'linkify', 'substitution', 'tasklist'], dmath_allow_labels=True, dmath_allow_space=True, dmath_allow_digits=True, dmath_double_inline=False, update_mathjax=True, mathjax_classes='tex2jax_process|mathjax_process|math|output_area', disable_syntax=[], url_schemes=['mailto', 'http', 'https'], heading_anchors=None, heading_slug_func=None, html_meta=[], footnote_transition=True, substitutions=[], sub_delimiters=['{', '}'], words_per_minute=200)
#   building [mo]: targets for 0 po files that are out of date
#   building [html]: targets for 3 source files that are out of date
#   updating environment:
#   [new config]
#   3 added, 0 changed, 0 removed
#   reading sources... [ 33%] intro
#   reading sources... [ 66%] markdown
#   reading sources... [100%] notebooks
#   Executing: notebooks in: /Users/mhjensen/Teaching/ComputationalPhysics2/doc/test/new
# Loaded extensions:
#   sphinx.ext.mathjax (4.2.0) from /opt/homebrew/lib/python3.9/site-packages/sphinx/ext/mathjax.py
#   sphinxcontrib.applehelp (1.0.2) from /opt/homebrew/lib/python3.9/site-packages/sphinxcontrib/applehelp/__init__.py
#   sphinxcontrib.devhelp (1.0.2) from /opt/homebrew/lib/python3.9/site-packages/sphinxcontrib/devhelp/__init__.py
#   sphinxcontrib.htmlhelp (2.0.0) from /opt/homebrew/lib/python3.9/site-packages/sphinxcontrib/htmlhelp/__init__.py
#   sphinxcontrib.serializinghtml (1.1.5) from /opt/homebrew/lib/python3.9/site-packages/sphinxcontrib/serializinghtml/__init__.py
#   sphinxcontrib.qthelp (1.0.3) from /opt/homebrew/lib/python3.9/site-packages/sphinxcontrib/qthelp/__init__.py
#   alabaster (0.7.12) from /opt/homebrew/lib/python3.9/site-packages/alabaster/__init__.py
#   sphinx_togglebutton (0.2.3) from /opt/homebrew/lib/python3.9/site-packages/sphinx_togglebutton/__init__.py
#   sphinx_copybutton (0.4.0) from /opt/homebrew/lib/python3.9/site-packages/sphinx_copybutton/__init__.py
#   myst_nb (0.13.1) from /opt/homebrew/lib/python3.9/site-packages/myst_nb/__init__.py
#   jupyter_book (0.12.1) from /opt/homebrew/lib/python3.9/site-packages/jupyter_book/__init__.py
#   sphinx_thebe (0.0.10) from /opt/homebrew/lib/python3.9/site-packages/sphinx_thebe/__init__.py
#   sphinx_comments (0.0.3) from /opt/homebrew/lib/python3.9/site-packages/sphinx_comments/__init__.py
#   sphinx_external_toc (0.2.3) from /opt/homebrew/lib/python3.9/site-packages/sphinx_external_toc/__init__.py
#   sphinx.ext.intersphinx (4.2.0) from /opt/homebrew/lib/python3.9/site-packages/sphinx/ext/intersphinx.py
#   sphinx_panels (0.6.0) from /opt/homebrew/lib/python3.9/site-packages/sphinx_panels/__init__.py
#   sphinx_book_theme (unknown version) from /opt/homebrew/lib/python3.9/site-packages/sphinx_book_theme/__init__.py
#   sphinxcontrib.bibtex (2.2.1) from /opt/homebrew/lib/python3.9/site-packages/sphinxcontrib/bibtex/__init__.py
#   sphinx_jupyterbook_latex (unknown version) from /opt/homebrew/lib/python3.9/site-packages/sphinx_jupyterbook_latex/__init__.py
#   pydata_sphinx_theme (unknown version) from /opt/homebrew/lib/python3.9/site-packages/pydata_sphinx_theme/__init__.py
Traceback (most recent call last):
  File "/opt/homebrew/lib/python3.9/site-packages/traitlets/traitlets.py", line 537, in get
    value = obj._trait_values[self.name]
KeyError: 'template_paths'

During handling of the above exception, another exception occurred:

Traceback (most recent call last):
  File "/opt/homebrew/lib/python3.9/site-packages/jupyter_book/sphinx.py", line 167, in build_sphinx
    app.build(force_all, filenames)
  File "/opt/homebrew/lib/python3.9/site-packages/sphinx/application.py", line 343, in build
    self.builder.build_update()
  File "/opt/homebrew/lib/python3.9/site-packages/sphinx/builders/__init__.py", line 293, in build_update
    self.build(to_build,
  File "/opt/homebrew/lib/python3.9/site-packages/sphinx/builders/__init__.py", line 307, in build
    updated_docnames = set(self.read())
  File "/opt/homebrew/lib/python3.9/site-packages/sphinx/builders/__init__.py", line 414, in read
    self._read_serial(docnames)
  File "/opt/homebrew/lib/python3.9/site-packages/sphinx/builders/__init__.py", line 435, in _read_serial
    self.read_doc(docname)
  File "/opt/homebrew/lib/python3.9/site-packages/sphinx/builders/__init__.py", line 475, in read_doc
    doctree = read_doc(self.app, self.env, self.env.doc2path(docname))
  File "/opt/homebrew/lib/python3.9/site-packages/sphinx/io.py", line 189, in read_doc
    pub.publish()
  File "/opt/homebrew/lib/python3.9/site-packages/docutils/core.py", line 217, in publish
    self.document = self.reader.read(self.source, self.parser,
  File "/opt/homebrew/lib/python3.9/site-packages/sphinx/io.py", line 109, in read
    self.parse()
  File "/opt/homebrew/lib/python3.9/site-packages/docutils/readers/__init__.py", line 77, in parse
    self.parser.parse(self.input, document)
  File "/opt/homebrew/lib/python3.9/site-packages/myst_nb/parser.py", line 84, in parse
    path_doc = nb_output_to_disc(ntbk, document)
  File "/opt/homebrew/lib/python3.9/site-packages/myst_nb/parser.py", line 303, in nb_output_to_disc
    write_notebook_output(ntbk, str(output_dir), doc_filename)
  File "/opt/homebrew/lib/python3.9/site-packages/jupyter_sphinx/execute.py", line 284, in write_notebook_output
    exporter = nbconvert.exporters.ScriptExporter(
  File "/opt/homebrew/lib/python3.9/site-packages/nbconvert/exporters/templateexporter.py", line 329, in __init__
    super().__init__(config=config, **kw)
  File "/opt/homebrew/lib/python3.9/site-packages/nbconvert/exporters/exporter.py", line 114, in __init__
    self._init_preprocessors()
  File "/opt/homebrew/lib/python3.9/site-packages/nbconvert/exporters/templateexporter.py", line 496, in _init_preprocessors
    conf = self._get_conf()
  File "/opt/homebrew/lib/python3.9/site-packages/nbconvert/exporters/templateexporter.py", line 514, in _get_conf
    for path in map(Path, self.template_paths):
  File "/opt/homebrew/lib/python3.9/site-packages/traitlets/traitlets.py", line 577, in __get__
    return self.get(obj, cls)
  File "/opt/homebrew/lib/python3.9/site-packages/traitlets/traitlets.py", line 540, in get
    default = obj.trait_defaults(self.name)
  File "/opt/homebrew/lib/python3.9/site-packages/traitlets/traitlets.py", line 1580, in trait_defaults
    return self._get_trait_default_generator(names[0])(self)
  File "/opt/homebrew/lib/python3.9/site-packages/traitlets/traitlets.py", line 977, in __call__
    return self.func(*args, **kwargs)
  File "/opt/homebrew/lib/python3.9/site-packages/nbconvert/exporters/templateexporter.py", line 525, in _template_paths
    template_names = self.get_template_names()
  File "/opt/homebrew/lib/python3.9/site-packages/nbconvert/exporters/templateexporter.py", line 607, in get_template_names
    raise ValueError('No template sub-directory with name %r found in the following paths:\n\t%s' % (base_template, paths))
ValueError: No template sub-directory with name 'script' found in the following paths:
	/Users/mhjensen/Library/Jupyter
	/Users/mhjensen/Library/Python/3.9/share/jupyter
	/opt/homebrew/opt/python@3.9/Frameworks/Python.framework/Versions/3.9/share/jupyter
	/usr/local/share/jupyter
	/usr/share/jupyter
